<?xml version="1.0" encoding="UTF-8"?>
<!-- Generated by org.testng.reporters.JUnitReportReporter -->
<testsuite hostname="DESKTOP-51UNHQK" failures="0" tests="1" name="Demo.TestFeatures" time="0.981" errors="0" timestamp="2021-12-15T21:32:51 IST" skipped="0">
  <testcase classname="Demo.TestFeatures" name="testScript" time="0.981"/>
  <system-out/>
</testsuite> <!-- Demo.TestFeatures -->
