<?xml version="1.0" encoding="UTF-8"?>
<!-- Generated by org.testng.reporters.JUnitReportReporter -->
<testsuite hostname="DESKTOP-51UNHQK" failures="0" tests="1" name="Demo.TestFeatures" time="89.893" errors="0" timestamp="15 Dec 2021 16:37:54 GMT" skipped="0">
  <testcase classname="Demo.TestFeatures" name="testScript" time="89.893"/>
</testsuite> <!-- Demo.TestFeatures -->
